  EmitCode.c
C:\GitHub\Compilers\U-Code Translator\EmitCode.c(25,20): error C2065: 'ucodeFile': 선언되지 않은 식별자입니다.
C:\GitHub\Compilers\U-Code Translator\EmitCode.c(25,20): warning C4047: '함수': 'FILE *const '의 간접 참조 수준이 'int'과(와) 다릅니다.
C:\GitHub\Compilers\U-Code Translator\EmitCode.c(25,11): warning C4024: 'fprintf': 형식 및 실제 매개 변수 1의 형식이 서로 다릅니다.
C:\GitHub\Compilers\U-Code Translator\EmitCode.c(26,20): error C2065: 'ucodeFile': 선언되지 않은 식별자입니다.
C:\GitHub\Compilers\U-Code Translator\EmitCode.c(26,20): warning C4047: '함수': 'FILE *const '의 간접 참조 수준이 'int'과(와) 다릅니다.
C:\GitHub\Compilers\U-Code Translator\EmitCode.c(26,11): warning C4024: 'fprintf': 형식 및 실제 매개 변수 1의 형식이 서로 다릅니다.
C:\GitHub\Compilers\U-Code Translator\EmitCode.c(30,20): error C2065: 'ucodeFile': 선언되지 않은 식별자입니다.
C:\GitHub\Compilers\U-Code Translator\EmitCode.c(30,20): warning C4047: '함수': 'FILE *const '의 간접 참조 수준이 'int'과(와) 다릅니다.
C:\GitHub\Compilers\U-Code Translator\EmitCode.c(30,11): warning C4024: 'fprintf': 형식 및 실제 매개 변수 1의 형식이 서로 다릅니다.
C:\GitHub\Compilers\U-Code Translator\EmitCode.c(31,20): error C2065: 'ucodeFile': 선언되지 않은 식별자입니다.
C:\GitHub\Compilers\U-Code Translator\EmitCode.c(31,20): warning C4047: '함수': 'FILE *const '의 간접 참조 수준이 'int'과(와) 다릅니다.
C:\GitHub\Compilers\U-Code Translator\EmitCode.c(31,11): warning C4024: 'fprintf': 형식 및 실제 매개 변수 1의 형식이 서로 다릅니다.
C:\GitHub\Compilers\U-Code Translator\EmitCode.c(50,20): error C2065: 'ucodeFile': 선언되지 않은 식별자입니다.
C:\GitHub\Compilers\U-Code Translator\EmitCode.c(50,20): warning C4047: '함수': 'FILE *const '의 간접 참조 수준이 'int'과(와) 다릅니다.
C:\GitHub\Compilers\U-Code Translator\EmitCode.c(50,11): warning C4024: 'fprintf': 형식 및 실제 매개 변수 1의 형식이 서로 다릅니다.
C:\GitHub\Compilers\U-Code Translator\EmitCode.c(53,21): error C2065: 'ucodeFile': 선언되지 않은 식별자입니다.
C:\GitHub\Compilers\U-Code Translator\EmitCode.c(53,21): warning C4047: '함수': 'FILE *const '의 간접 참조 수준이 'int'과(와) 다릅니다.
C:\GitHub\Compilers\U-Code Translator\EmitCode.c(53,12): warning C4024: 'fprintf': 형식 및 실제 매개 변수 1의 형식이 서로 다릅니다.
C:\GitHub\Compilers\U-Code Translator\EmitCode.c(54,20): error C2065: 'ucodeFile': 선언되지 않은 식별자입니다.
C:\GitHub\Compilers\U-Code Translator\EmitCode.c(54,20): warning C4047: '함수': 'FILE *const '의 간접 참조 수준이 'int'과(와) 다릅니다.
C:\GitHub\Compilers\U-Code Translator\EmitCode.c(54,11): warning C4024: 'fprintf': 형식 및 실제 매개 변수 1의 형식이 서로 다릅니다.
C:\GitHub\Compilers\U-Code Translator\EmitCode.c(66,20): error C2065: 'ucodeFile': 선언되지 않은 식별자입니다.
C:\GitHub\Compilers\U-Code Translator\EmitCode.c(66,20): warning C4047: '함수': 'FILE *const '의 간접 참조 수준이 'int'과(와) 다릅니다.
C:\GitHub\Compilers\U-Code Translator\EmitCode.c(66,11): warning C4024: 'fprintf': 형식 및 실제 매개 변수 1의 형식이 서로 다릅니다.
C:\GitHub\Compilers\U-Code Translator\EmitCode.c(67,20): error C2065: 'ucodeFile': 선언되지 않은 식별자입니다.
C:\GitHub\Compilers\U-Code Translator\EmitCode.c(67,20): warning C4047: '함수': 'FILE *const '의 간접 참조 수준이 'int'과(와) 다릅니다.
C:\GitHub\Compilers\U-Code Translator\EmitCode.c(67,11): warning C4024: 'fprintf': 형식 및 실제 매개 변수 1의 형식이 서로 다릅니다.
C:\GitHub\Compilers\U-Code Translator\EmitCode.c(73,20): error C2065: 'ucodeFile': 선언되지 않은 식별자입니다.
C:\GitHub\Compilers\U-Code Translator\EmitCode.c(73,20): warning C4047: '함수': 'FILE *const '의 간접 참조 수준이 'int'과(와) 다릅니다.
C:\GitHub\Compilers\U-Code Translator\EmitCode.c(73,11): warning C4024: 'fprintf': 형식 및 실제 매개 변수 1의 형식이 서로 다릅니다.
C:\GitHub\Compilers\U-Code Translator\EmitCode.c(76,21): error C2065: 'ucodeFile': 선언되지 않은 식별자입니다.
C:\GitHub\Compilers\U-Code Translator\EmitCode.c(76,21): warning C4047: '함수': 'FILE *const '의 간접 참조 수준이 'int'과(와) 다릅니다.
C:\GitHub\Compilers\U-Code Translator\EmitCode.c(76,12): warning C4024: 'fprintf': 형식 및 실제 매개 변수 1의 형식이 서로 다릅니다.
C:\GitHub\Compilers\U-Code Translator\EmitCode.c(77,20): error C2065: 'ucodeFile': 선언되지 않은 식별자입니다.
C:\GitHub\Compilers\U-Code Translator\EmitCode.c(77,20): warning C4047: '함수': 'FILE *const '의 간접 참조 수준이 'int'과(와) 다릅니다.
C:\GitHub\Compilers\U-Code Translator\EmitCode.c(77,11): warning C4024: 'fprintf': 형식 및 실제 매개 변수 1의 형식이 서로 다릅니다.
C:\GitHub\Compilers\U-Code Translator\EmitCode.c(78,20): error C2065: 'ucodeFile': 선언되지 않은 식별자입니다.
C:\GitHub\Compilers\U-Code Translator\EmitCode.c(78,20): warning C4047: '함수': 'FILE *const '의 간접 참조 수준이 'int'과(와) 다릅니다.
C:\GitHub\Compilers\U-Code Translator\EmitCode.c(78,11): warning C4024: 'fprintf': 형식 및 실제 매개 변수 1의 형식이 서로 다릅니다.
C:\GitHub\Compilers\U-Code Translator\EmitCode.c(79,20): error C2065: 'ucodeFile': 선언되지 않은 식별자입니다.
C:\GitHub\Compilers\U-Code Translator\EmitCode.c(79,20): warning C4047: '함수': 'FILE *const '의 간접 참조 수준이 'int'과(와) 다릅니다.
C:\GitHub\Compilers\U-Code Translator\EmitCode.c(79,11): warning C4024: 'fprintf': 형식 및 실제 매개 변수 1의 형식이 서로 다릅니다.
  MiniC.c
C:\GitHub\Compilers\U-Code Translator\EmitCode.c(25,20): error C2065: 'ucodeFile': 선언되지 않은 식별자입니다.
C:\GitHub\Compilers\U-Code Translator\EmitCode.c(25,20): warning C4047: '함수': 'FILE *const '의 간접 참조 수준이 'int'과(와) 다릅니다.
C:\GitHub\Compilers\U-Code Translator\EmitCode.c(25,11): warning C4024: 'fprintf': 형식 및 실제 매개 변수 1의 형식이 서로 다릅니다.
C:\GitHub\Compilers\U-Code Translator\EmitCode.c(26,20): error C2065: 'ucodeFile': 선언되지 않은 식별자입니다.
C:\GitHub\Compilers\U-Code Translator\EmitCode.c(26,20): warning C4047: '함수': 'FILE *const '의 간접 참조 수준이 'int'과(와) 다릅니다.
C:\GitHub\Compilers\U-Code Translator\EmitCode.c(26,11): warning C4024: 'fprintf': 형식 및 실제 매개 변수 1의 형식이 서로 다릅니다.
C:\GitHub\Compilers\U-Code Translator\EmitCode.c(30,20): error C2065: 'ucodeFile': 선언되지 않은 식별자입니다.
C:\GitHub\Compilers\U-Code Translator\EmitCode.c(30,20): warning C4047: '함수': 'FILE *const '의 간접 참조 수준이 'int'과(와) 다릅니다.
C:\GitHub\Compilers\U-Code Translator\EmitCode.c(30,11): warning C4024: 'fprintf': 형식 및 실제 매개 변수 1의 형식이 서로 다릅니다.
C:\GitHub\Compilers\U-Code Translator\EmitCode.c(31,20): error C2065: 'ucodeFile': 선언되지 않은 식별자입니다.
C:\GitHub\Compilers\U-Code Translator\EmitCode.c(31,20): warning C4047: '함수': 'FILE *const '의 간접 참조 수준이 'int'과(와) 다릅니다.
C:\GitHub\Compilers\U-Code Translator\EmitCode.c(31,11): warning C4024: 'fprintf': 형식 및 실제 매개 변수 1의 형식이 서로 다릅니다.
C:\GitHub\Compilers\U-Code Translator\EmitCode.c(50,20): error C2065: 'ucodeFile': 선언되지 않은 식별자입니다.
C:\GitHub\Compilers\U-Code Translator\EmitCode.c(50,20): warning C4047: '함수': 'FILE *const '의 간접 참조 수준이 'int'과(와) 다릅니다.
C:\GitHub\Compilers\U-Code Translator\EmitCode.c(50,11): warning C4024: 'fprintf': 형식 및 실제 매개 변수 1의 형식이 서로 다릅니다.
C:\GitHub\Compilers\U-Code Translator\EmitCode.c(53,21): error C2065: 'ucodeFile': 선언되지 않은 식별자입니다.
C:\GitHub\Compilers\U-Code Translator\EmitCode.c(53,21): warning C4047: '함수': 'FILE *const '의 간접 참조 수준이 'int'과(와) 다릅니다.
C:\GitHub\Compilers\U-Code Translator\EmitCode.c(53,12): warning C4024: 'fprintf': 형식 및 실제 매개 변수 1의 형식이 서로 다릅니다.
C:\GitHub\Compilers\U-Code Translator\EmitCode.c(54,20): error C2065: 'ucodeFile': 선언되지 않은 식별자입니다.
C:\GitHub\Compilers\U-Code Translator\EmitCode.c(54,20): warning C4047: '함수': 'FILE *const '의 간접 참조 수준이 'int'과(와) 다릅니다.
C:\GitHub\Compilers\U-Code Translator\EmitCode.c(54,11): warning C4024: 'fprintf': 형식 및 실제 매개 변수 1의 형식이 서로 다릅니다.
C:\GitHub\Compilers\U-Code Translator\EmitCode.c(66,20): error C2065: 'ucodeFile': 선언되지 않은 식별자입니다.
C:\GitHub\Compilers\U-Code Translator\EmitCode.c(66,20): warning C4047: '함수': 'FILE *const '의 간접 참조 수준이 'int'과(와) 다릅니다.
C:\GitHub\Compilers\U-Code Translator\EmitCode.c(66,11): warning C4024: 'fprintf': 형식 및 실제 매개 변수 1의 형식이 서로 다릅니다.
C:\GitHub\Compilers\U-Code Translator\EmitCode.c(67,20): error C2065: 'ucodeFile': 선언되지 않은 식별자입니다.
C:\GitHub\Compilers\U-Code Translator\EmitCode.c(67,20): warning C4047: '함수': 'FILE *const '의 간접 참조 수준이 'int'과(와) 다릅니다.
C:\GitHub\Compilers\U-Code Translator\EmitCode.c(67,11): warning C4024: 'fprintf': 형식 및 실제 매개 변수 1의 형식이 서로 다릅니다.
C:\GitHub\Compilers\U-Code Translator\EmitCode.c(73,20): error C2065: 'ucodeFile': 선언되지 않은 식별자입니다.
C:\GitHub\Compilers\U-Code Translator\EmitCode.c(73,20): warning C4047: '함수': 'FILE *const '의 간접 참조 수준이 'int'과(와) 다릅니다.
C:\GitHub\Compilers\U-Code Translator\EmitCode.c(73,11): warning C4024: 'fprintf': 형식 및 실제 매개 변수 1의 형식이 서로 다릅니다.
C:\GitHub\Compilers\U-Code Translator\EmitCode.c(76,21): error C2065: 'ucodeFile': 선언되지 않은 식별자입니다.
C:\GitHub\Compilers\U-Code Translator\EmitCode.c(76,21): warning C4047: '함수': 'FILE *const '의 간접 참조 수준이 'int'과(와) 다릅니다.
C:\GitHub\Compilers\U-Code Translator\EmitCode.c(76,12): warning C4024: 'fprintf': 형식 및 실제 매개 변수 1의 형식이 서로 다릅니다.
C:\GitHub\Compilers\U-Code Translator\EmitCode.c(77,20): error C2065: 'ucodeFile': 선언되지 않은 식별자입니다.
C:\GitHub\Compilers\U-Code Translator\EmitCode.c(77,20): warning C4047: '함수': 'FILE *const '의 간접 참조 수준이 'int'과(와) 다릅니다.
C:\GitHub\Compilers\U-Code Translator\EmitCode.c(77,11): warning C4024: 'fprintf': 형식 및 실제 매개 변수 1의 형식이 서로 다릅니다.
C:\GitHub\Compilers\U-Code Translator\EmitCode.c(78,20): error C2065: 'ucodeFile': 선언되지 않은 식별자입니다.
C:\GitHub\Compilers\U-Code Translator\EmitCode.c(78,20): warning C4047: '함수': 'FILE *const '의 간접 참조 수준이 'int'과(와) 다릅니다.
C:\GitHub\Compilers\U-Code Translator\EmitCode.c(78,11): warning C4024: 'fprintf': 형식 및 실제 매개 변수 1의 형식이 서로 다릅니다.
C:\GitHub\Compilers\U-Code Translator\EmitCode.c(79,20): error C2065: 'ucodeFile': 선언되지 않은 식별자입니다.
C:\GitHub\Compilers\U-Code Translator\EmitCode.c(79,20): warning C4047: '함수': 'FILE *const '의 간접 참조 수준이 'int'과(와) 다릅니다.
C:\GitHub\Compilers\U-Code Translator\EmitCode.c(79,11): warning C4024: 'fprintf': 형식 및 실제 매개 변수 1의 형식이 서로 다릅니다.
C:\GitHub\Compilers\U-Code Translator\MiniC.c(45,12): error C2065: 'ucodeFile': 선언되지 않은 식별자입니다.
C:\GitHub\Compilers\U-Code Translator\MiniC.c(45,63): warning C4047: '=': 'int'의 간접 참조 수준이 'FILE *'과(와) 다릅니다.
C:\GitHub\Compilers\U-Code Translator\MiniC.c(48,20): warning C4047: '=': 'Node *'의 간접 참조 수준이 'int'과(와) 다릅니다.
  Parser.c
C:\GitHub\Compilers\U-Code Translator\Parser.c(1,1): warning C4819: 현재 코드 페이지(949)에서 표시할 수 없는 문자가 파일에 들어 있습니다. 데이터가 손실되지 않게 하려면 해당 파일을 유니코드 형식으로 저장하십시오.
  sdt.c
  코드를 생성하고 있습니다...
